<?xml version="1.0" encoding="UTF-8"?>
<!-- Generated by org.testng.reporters.JUnitReportReporter -->
<testsuite hostname="DESKTOP-S76SA9N" failures="0" tests="1" name="com.nexsoft.test.LoginTest" time="1.700" errors="0" timestamp="2022-06-17T15:51:49 ICT" skipped="0">
  <testcase classname="com.nexsoft.test.LoginTest" name="validLogin" time="1.700"/>
  <system-out/>
</testsuite> <!-- com.nexsoft.test.LoginTest -->
