<?xml version="1.0" encoding="UTF-8"?>
<!-- Generated by org.testng.reporters.JUnitReportReporter -->
<testsuite hostname="DESKTOP-S76SA9N" failures="0" tests="3" name="com.nexsoft.test.FrontPageTest" time="4.051" errors="0" timestamp="2022-06-17T14:13:04 ICT" skipped="0">
  <testcase classname="com.nexsoft.test.FrontPageTest" name="goToCatalogAction" time="1.014"/>
  <system-out>
    <![CDATA[<img src='file://D:\Project\Java\TestNG\PHPTravels\src\test\resources\20220617_141258.PNG'height="350" width="792"/>]]>
  </system-out>
  <testcase classname="com.nexsoft.test.FrontPageTest" name="goToSignIn" time="0.986"/>
  <system-out>
    <![CDATA[<img src='file://D:\Project\Java\TestNG\PHPTravels\src\test\resources\20220617_141259.PNG'height="350" width="792"/>]]>
  </system-out>
  <testcase classname="com.nexsoft.test.FrontPageTest" name="goToRegisterForm" time="2.051"/>
  <system-out>
    <![CDATA[<img src='file://D:\Project\Java\TestNG\PHPTravels\src\test\resources\20220617_141301.PNG'height="350" width="792"/>]]>
  </system-out>
</testsuite> <!-- com.nexsoft.test.FrontPageTest -->
